<?xml version="1.0" encoding="UTF-8"?>
<!-- Generated by org.testng.reporters.JUnitReportReporter -->
<testsuite hostname="LAPTOP-IDFKKK1S" failures="0" tests="1" name="project.EndtoEndTest" time="4.607" errors="0" timestamp="11 Dec 2022 09:02:12 GMT" skipped="0">
  <testcase classname="project.EndtoEndTest" name="endtoendtest" time="4.607"/>
</testsuite> <!-- project.EndtoEndTest -->
